-+= 00001 root /sbin/launchd
 |--= 00064 root /usr/sbin/syslogd
 |--= 00065 root /usr/libexec/UserEventAgent (System)
 |--= 00068 root /System/Library/PrivateFrameworks/Uninstall.framework/Resources/uninstalld
 |--= 00069 root /System/Library/Frameworks/CoreServices.framework/Versions/A/Frameworks/FSEvents.framework/Versions/A/Support/fseventsd
 |--= 00070 root /System/Library/PrivateFrameworks/MediaRemote.framework/Support/mediaremoted
 |-+= 00073 root /usr/sbin/systemstats --daemon
 | \--- 00366 root /usr/sbin/systemstats --logger-helper /private/var/db/systemstats
 |--= 00075 root /usr/libexec/configd
 |--= 00077 root /System/Library/CoreServices/powerd.bundle/powerd
 |--= 00080 root /usr/libexec/remoted
 |--= 00082 root /usr/libexec/logd
 |--= 00083 root /usr/libexec/keybagd -t 15
 |--= 00088 root /usr/libexec/watchdogd
 |--= 00092 root /System/Library/Frameworks/CoreServices.framework/Frameworks/Metadata.framework/Support/mds
 |--= 00093 _iconservices /System/Library/CoreServices/iconservicesd
 |--= 00094 root /usr/libexec/kernelmanagerd
 |--= 00095 root /usr/libexec/diskarbitrationd
 |--= 00098 root /usr/libexec/coreduetd
 |--= 00102 root /usr/libexec/thermalmonitord
 |--= 00103 root /System/Library/PrivateFrameworks/CoreDuetContext.framework/Resources/contextstored
 |--= 00104 root /usr/libexec/opendirectoryd
 |--= 00105 root /System/Library/PrivateFrameworks/ApplePushService.framework/apsd
 |--= 00106 root /Library/PrivilegedHelperTools/com.docker.vmnetd
 |--= 00107 root /System/Library/CoreServices/launchservicesd
 |--= 00108 _timed /usr/libexec/timed
 |--= 00110 root /usr/sbin/securityd -i
 |--= 00111 root auditd -l
 |--= 00114 root autofsd
 |--= 00115 _displaypolicyd /usr/libexec/displaypolicyd -k 1
 |--= 00117 root /usr/libexec/dasd
 |--= 00119 root /Library/PrivilegedHelperTools/com.aaa.windscribe.OVPNHelper
 |--= 00120 _distnote /usr/sbin/distnoted daemon
 |--= 00121 root /System/Library/PrivateFrameworks/AppleCredentialManager.framework/AppleCredentialManagerDaemon
 |--= 00124 root /System/Library/CoreServices/logind
 |--= 00125 root /System/Library/PrivateFrameworks/GenerationalStorage.framework/Versions/A/Support/revisiond
 |--= 00126 root /usr/sbin/KernelEventAgent
 |--= 00128 root /usr/sbin/bluetoothd
 |--= 00129 root /usr/sbin/notifyd
 |--= 00132 root /usr/libexec/corebrightnessd --launchd
 |--= 00133 root /usr/libexec/AirPlayXPCHelper
 |--= 00134 root /usr/sbin/cfprefsd daemon
 |--= 00135 root /usr/libexec/syspolicyd
 |--= 00136 _windowserver /System/Library/PrivateFrameworks/SkyLight.framework/Resources/WindowServer -daemon
 |--= 00137 root /System/Library/PrivateFrameworks/TCC.framework/Resources/tccd system
 |--= 00138 root /System/Library/CoreServices/coreservicesd
 |--= 00139 root aslmanager
 |--= 00141 root /usr/libexec/amfid
 |--= 00143 _analyticsd /System/Library/PrivateFrameworks/CoreAnalytics.framework/Support/analyticsd
 |--= 00175 root /System/Library/Frameworks/Security.framework/Versions/A/XPCServices/authd.xpc/Contents/MacOS/authd
 |--= 00176 root /usr/sbin/distnoted agent
 |--= 00186 root /usr/libexec/airportd
 |--= 00187 root /usr/libexec/trustd
 |--= 00188 root /usr/libexec/lsd runAsRoot
 |--= 00189 _coreaudiod /usr/sbin/coreaudiod
 |--= 00195 root /usr/libexec/runningboardd
 |--= 00202 root /usr/libexec/searchpartyd
 |--= 00208 _coreaudiod /usr/sbin/distnoted agent
 |--= 00209 root /usr/libexec/nehelper
 |--= 00210 _networkd /usr/libexec/symptomsd
 |--= 00211 _mdnsresponder /usr/sbin/mDNSResponder
 |--= 00216 root /usr/libexec/diskmanagementd
 |--= 00218 root /usr/libexec/findmydeviced
 |--= 00229 root /System/Library/CoreServices/backupd.bundle/Contents/Resources/backupd-helper -launchd
 |--= 00236 root /usr/sbin/mDNSResponderHelper
 |--= 00237 root /System/Library/PrivateFrameworks/WirelessDiagnostics.framework/Support/awdd
 |--= 00238 _nsurlsessiond /usr/libexec/nsurlsessiond --privileged
 |--= 00240 root /usr/libexec/apfsd
 |--= 00243 _coreaudiod Core Audio Driver (ZoomAudioDevice.driver)
 |--= 00247 root /usr/libexec/logd_helper
 |--= 00250 _locationd /System/Library/PrivateFrameworks/GeoServices.framework/Versions/A/XPCServices/com.apple.geod.xpc/Contents/MacOS/com.apple.geod
 |--= 00251 _locationd /usr/sbin/distnoted agent
 |--= 00252 _locationd /usr/libexec/secinitd
 |--= 00255 _locationd /usr/libexec/trustd --agent
 |--= 00262 root /usr/libexec/mobileassetd
 |--= 00277 root /System/Library/Frameworks/Security.framework/Versions/A/XPCServices/com.apple.CodeSigningHelper.xpc/Contents/MacOS/com.apple.CodeSigningHelper
 |--= 00281 root /usr/libexec/thermald
 |--= 00282 root /usr/libexec/containermanagerd --runmode=agent --bundle-container-mode=global --bundle-container-owner=_appinstalld --system-container-mode=none
 |--= 00289 root /System/Library/Frameworks/CoreServices.framework/Frameworks/Metadata.framework/Versions/A/Support/mds_stores
 |--= 00295 _spotlight /usr/sbin/distnoted agent
 |--= 00297 root /System/Library/Frameworks/ApplicationServices.framework/Versions/A/Frameworks/ATS.framework/Versions/A/Support/fontworker
 |--= 00305 root /System/Library/CoreServices/ReportCrash daemon
 |--= 00308 _netbios /usr/sbin/netbiosd
 |--= 00310 root /System/Library/CoreServices/backupd.bundle/Contents/Resources/backupd
 |--= 00311 root /System/Library/PrivateFrameworks/CoreSymbolication.framework/coresymbolicationd
 |--= 00315 _nsurlsessiond /usr/sbin/distnoted agent
 |--= 00317 _softwareupdate /System/Library/CoreServices/Software Update.app/Contents/Resources/softwareupdated
 |--= 00320 root /usr/libexec/smd
 |--= 00323 _softwareupdate /usr/sbin/distnoted agent
 |--= 00324 root /System/Library/CoreServices/Software Update.app/Contents/Resources/suhelperd
 |--= 00332 _locationd /usr/libexec/locationd
 |--= 00337 _windowserver /usr/sbin/distnoted agent
 |--= 00338 root /usr/libexec/secinitd
 |--= 00341 root /usr/libexec/wifianalyticsd
 |--= 00347 _appleevents /System/Library/CoreServices/appleeventsd --server
 |--= 00354 _securityagent /usr/sbin/distnoted agent
 |--= 00355 root /usr/libexec/sysmond
 |--= 00356 root /System/Library/CoreServices/iconservicesagent runAsRoot
 |--= 00357 root /System/Library/PrivateFrameworks/AccountPolicy.framework/XPCServices/com.apple.AccountPolicyHelper.xpc/Contents/MacOS/com.apple.AccountPolicyHelper
 |--= 00358 root /System/Library/Frameworks/LocalAuthentication.framework/Support/coreauthd
 |--= 00359 root /System/Library/Frameworks/CryptoTokenKit.framework/ctkahp.bundle/Contents/MacOS/ctkahp -d
 |--= 00362 root /usr/sbin/systemsoundserverd
 |--= 00368 _cmiodalassistants /System/Library/Frameworks/CoreMediaIO.framework/Versions/A/Resources/AppleCamera.plugin/Contents/Resources/AppleCameraAssistant
 |--= 00370 _fpsd /System/Library/PrivateFrameworks/CoreADI.framework/adid
 |--= 00376 _reportmemoryexception /usr/sbin/distnoted agent
 |--= 00379 root /usr/libexec/aned
 |--= 00380 root /usr/libexec/online-authd
 |--= 00383 root /System/Library/Frameworks/GSS.framework/Helpers/GSSCred
 |--= 00389 subhrendu /usr/sbin/distnoted agent
 |--= 00390 subhrendu /System/Library/Frameworks/LocalAuthentication.framework/Support/coreauthd
 |--= 00391 root /usr/libexec/securityd_service
 |--= 00392 subhrendu /usr/sbin/cfprefsd agent
 |--= 00399 subhrendu /usr/libexec/lsd
 |--= 00407 subhrendu /usr/libexec/trustd --agent
 |--= 00409 subhrendu /usr/libexec/secinitd
 |--= 00411 subhrendu /usr/libexec/containermanagerd --runmode=agent --bundle-container-mode=global --bundle-container-owner=_appinstalld --system-container-mode=none
 |--= 00444 subhrendu /usr/libexec/pkd
 |--= 00448 _appleevents /usr/sbin/distnoted agent
 |--= 00457 root /usr/sbin/filecoordinationd
 |--= 00496 root /usr/sbin/spindump
 |--= 00511 subhrendu /System/Library/Frameworks/CryptoTokenKit.framework/ctkd -tw
 |--= 00512 root /System/Library/CoreServices/SubmitDiagInfo server-init
 |--= 00513 root /System/Library/Frameworks/OpenGL.framework/Versions/A/Libraries/CVMServer
 |--= 00526 subhrendu /System/Library/PrivateFrameworks/GeoServices.framework/Versions/A/XPCServices/com.apple.geod.xpc/Contents/MacOS/com.apple.geod
 |--= 00538 root /usr/sbin/WirelessRadioManagerd
 |--= 00539 subhrendu /System/Library/Frameworks/ApplicationServices.framework/Versions/A/Frameworks/HIServices.framework/Versions/A/XPCServices/com.apple.hiservices-xpcservice.xpc/Contents/MacOS/com.apple.hiservices-xpcservice
 |--= 00543 root /System/Library/Frameworks/SystemExtensions.framework/Versions/A/Helpers/sysextd
 |--= 00552 subhrendu /System/Library/PrivateFrameworks/IMDPersistence.framework/XPCServices/IMDPersistenceAgent.xpc/Contents/MacOS/IMDPersistenceAgent
 |--= 00561 root /usr/libexec/wifivelocityd
 |--= 00562 _captiveagent /usr/libexec/captiveagent
 |--= 00580 subhrendu /System/Library/PrivateFrameworks/ContextKit.framework/Versions/A/XPCServices/ContextService.xpc/Contents/MacOS/ContextService
 |--= 00587 root /System/Library/PrivateFrameworks/CacheDelete.framework/deleted_helper
 |--= 00615 _assetcache /usr/libexec/AssetCache/AssetCache
 |--= 00616 root /System/Library/PrivateFrameworks/PackageKit.framework/Resources/installd
 |--= 00618 root /usr/libexec/symptomsd-diag
 |--= 00619 root /System/Library/PrivateFrameworks/PackageKit.framework/Resources/system_installd
 |--= 00634 _spotlight /System/Library/Frameworks/CoreServices.framework/Frameworks/Metadata.framework/Versions/A/Support/mdbulkimport -s mdworker-bundle -c MDSImporterBundleFinder -m com.apple.metadata.mdbulkimport
 |--= 00638 subhrendu /System/Library/Frameworks/CoreServices.framework/Frameworks/Metadata.framework/Versions/A/Support/mdbulkimport -s mdworker-bundle -c MDSImporterBundleFinder -m com.apple.metadata.mdbulkimport
 |--= 00640 _spotlight /usr/libexec/pkd
 |--= 00641 subhrendu /System/Library/Frameworks/Security.framework/Versions/A/XPCServices/TrustedPeersHelper.xpc/Contents/MacOS/TrustedPeersHelper
 |--= 00645 subhrendu /Library/Printers/Canon/CUPSCAPT2/CCPD/ccpd
 |--= 00660 root /usr/libexec/taskgated
 |--= 00675 root /System/Library/CoreServices/CrashReporterSupportHelper server-init
 |--= 00676 _spotlight /usr/libexec/trustd --agent
 |--= 00681 _assetcache /usr/sbin/distnoted agent
 |--= 00683 nobody /usr/sbin/distnoted agent
 |--= 00696 _installcoordinationd /usr/sbin/distnoted agent
 |--= 00700 root /usr/libexec/rtcreportingd
 |--= 00769 subhrendu /System/Library/Frameworks/CoreServices.framework/Frameworks/Metadata.framework/Versions/A/Support/mdworker -s mdworker-sizing -c MDSSizingWorker -m com.apple.mdworker.sizing
 |--= 00774 _spotlight /usr/libexec/containermanagerd --runmode=agent --bundle-container-mode=global --bundle-container-owner=_appinstalld --system-container-mode=none
 |--= 00870 root /usr/libexec/PerfPowerServices
 |--= 00940 subhrendu /System/Library/Frameworks/CoreSpotlight.framework/CoreSpotlightService
 |--= 00955 root /System/Library/Frameworks/AudioToolbox.framework/XPCServices/CAReportingService.xpc/Contents/MacOS/CAReportingService
 |--= 02854 root /usr/libexec/mobileactivationd
 |--= 02914 _gamecontrollerd /usr/libexec/gamecontrollerd
 |--= 02947 _assetcache /System/Library/PrivateFrameworks/AssetCacheServices.framework/Versions/A/XPCServices/AssetCacheLocatorService.xpc/Contents/MacOS/AssetCacheLocatorService -d
 |--= 03131 root /usr/libexec/tzd
 |--= 04195 _fpsd /System/Library/PrivateFrameworks/CoreFP.framework/Versions/A/fairplayd
 |--= 04234 root /System/Library/PrivateFrameworks/SystemAdministration.framework/XPCServices/writeconfig.xpc/Contents/MacOS/writeconfig
 |--= 04256 root /usr/libexec/kcproxy
 |--= 04369 subhrendu /System/Library/PrivateFrameworks/ProtectedCloudStorage.framework/Helpers/ProtectedCloudKeySyncing
 |--= 04432 root /System/Library/PrivateFrameworks/CloudKitDaemon.framework/Support/cloudd --system
 |--= 04440 subhrendu /System/Library/PrivateFrameworks/PodcastServices.framework/XPCServices/PodcastContentService.xpc/Contents/MacOS/PodcastContentService
 |--= 04966 _fpsd /System/Library/PrivateFrameworks/CoreLSKD.framework/Versions/A/lskdd
 |--= 05052 subhrendu /Library/Application Support/Microsoft/MAU2.0/Microsoft AutoUpdate.app/Contents/MacOS/Microsoft Update Assistant.app/Contents/MacOS/Microsoft Update Assistant --launchByAgent
 |-+= 05089 subhrendu /Applications/Firefox.app/Contents/MacOS/firefox -foreground
 | |--- 05090 subhrendu /Applications/Firefox.app/Contents/MacOS/plugin-container.app/Contents/MacOS/plugin-container -parentBuildID 20220526203855 -prefsLen 13084 -prefMapSize 275649 -sbStartup -sbAppPath /Applications/Firefox.app -appDir /Applications/Firefox.app/Contents/Resources/browser -profile /Users/subhrendu/Library/Application Support/Firefox/Profiles/q1f4ep15.default 5089 gecko-crash-server-pipe.5089 org.mozilla.machname.522842852 socket
 | |--- 05093 subhrendu /Applications/Firefox.app/Contents/MacOS/plugin-container.app/Contents/MacOS/plugin-container -childID 1 -isForBrowser -prefsLen 13714 -prefMapSize 275649 -jsInitLen 277128 -sbStartup -sbAppPath /Applications/Firefox.app -sbLevel 3 -sbAllowAudio -parentBuildID 20220526203855 -appDir /Applications/Firefox.app/Contents/Resources/browser -profile /Users/subhrendu/Library/Application Support/Firefox/Profiles/q1f4ep15.default 5089 gecko-crash-server-pipe.5089 org.mozilla.machname.875331161 tab
 | |--- 05096 subhrendu /Applications/Firefox.app/Contents/MacOS/plugin-container.app/Contents/MacOS/plugin-container -childID 4 -isForBrowser -prefsLen 13908 -prefMapSize 275649 -jsInitLen 277128 -sbStartup -sbAppPath /Applications/Firefox.app -sbLevel 3 -sbAllowAudio -parentBuildID 20220526203855 -appDir /Applications/Firefox.app/Contents/Resources/browser -profile /Users/subhrendu/Library/Application Support/Firefox/Profiles/q1f4ep15.default 5089 gecko-crash-server-pipe.5089 org.mozilla.machname.802852124 tab
 | |--- 05350 subhrendu /Applications/Firefox.app/Contents/MacOS/plugin-container.app/Contents/MacOS/plugin-container -parentBuildID 20220526203855 -prefsLen 23558 -prefMapSize 275649 -sbStartup -sbAppPath /Applications/Firefox.app -appDir /Applications/Firefox.app/Contents/Resources/browser -profile /Users/subhrendu/Library/Application Support/Firefox/Profiles/q1f4ep15.default 5089 gecko-crash-server-pipe.5089 org.mozilla.machname.169896446 rdd
 | |--- 05371 subhrendu /Applications/Firefox.app/Contents/MacOS/plugin-container.app/Contents/MacOS/plugin-container -childID 41 -isForBrowser -prefsLen 23558 -prefMapSize 275649 -jsInitLen 277128 -sbStartup -sbAppPath /Applications/Firefox.app -sbLevel 3 -sbAllowAudio -parentBuildID 20220526203855 -appDir /Applications/Firefox.app/Contents/Resources/browser -profile /Users/subhrendu/Library/Application Support/Firefox/Profiles/q1f4ep15.default 5089 gecko-crash-server-pipe.5089 org.mozilla.machname.1902848284 tab
 | |--- 05500 subhrendu /Applications/Firefox.app/Contents/MacOS/plugin-container.app/Contents/MacOS/plugin-container -childID 90 -isForBrowser -prefsLen 23604 -prefMapSize 275649 -jsInitLen 277128 -sbStartup -sbAppPath /Applications/Firefox.app -sbLevel 3 -sbAllowAudio -parentBuildID 20220526203855 -appDir /Applications/Firefox.app/Contents/Resources/browser -profile /Users/subhrendu/Library/Application Support/Firefox/Profiles/q1f4ep15.default 5089 gecko-crash-server-pipe.5089 org.mozilla.machname.1528564207 tab
 | |--- 05545 subhrendu /Applications/Firefox.app/Contents/MacOS/plugin-container.app/Contents/MacOS/plugin-container -childID 93 -isForBrowser -prefsLen 23604 -prefMapSize 275649 -jsInitLen 277128 -sbStartup -sbAppPath /Applications/Firefox.app -sbLevel 3 -sbAllowAudio -parentBuildID 20220526203855 -appDir /Applications/Firefox.app/Contents/Resources/browser -profile /Users/subhrendu/Library/Application Support/Firefox/Profiles/q1f4ep15.default 5089 gecko-crash-server-pipe.5089 org.mozilla.machname.1574690310 tab
 | |--- 05600 subhrendu /Applications/Firefox.app/Contents/MacOS/plugin-container.app/Contents/MacOS/plugin-container -childID 95 -isForBrowser -prefsLen 23604 -prefMapSize 275649 -jsInitLen 277128 -sbStartup -sbAppPath /Applications/Firefox.app -sbLevel 3 -sbAllowAudio -parentBuildID 20220526203855 -appDir /Applications/Firefox.app/Contents/Resources/browser -profile /Users/subhrendu/Library/Application Support/Firefox/Profiles/q1f4ep15.default 5089 gecko-crash-server-pipe.5089 org.mozilla.machname.1769727435 tab
 | |--- 05694 subhrendu /Applications/Firefox.app/Contents/MacOS/plugin-container.app/Contents/MacOS/plugin-container -childID 103 -isForBrowser -prefsLen 23604 -prefMapSize 275649 -jsInitLen 277128 -sbStartup -sbAppPath /Applications/Firefox.app -sbLevel 3 -sbAllowAudio -parentBuildID 20220526203855 -appDir /Applications/Firefox.app/Contents/Resources/browser -profile /Users/subhrendu/Library/Application Support/Firefox/Profiles/q1f4ep15.default 5089 gecko-crash-server-pipe.5089 org.mozilla.machname.312770900 tab
 | |--- 05695 subhrendu /Applications/Firefox.app/Contents/MacOS/plugin-container.app/Contents/MacOS/plugin-container -childID 104 -isForBrowser -prefsLen 23604 -prefMapSize 275649 -jsInitLen 277128 -sbStartup -sbAppPath /Applications/Firefox.app -sbLevel 3 -sbAllowAudio -parentBuildID 20220526203855 -appDir /Applications/Firefox.app/Contents/Resources/browser -profile /Users/subhrendu/Library/Application Support/Firefox/Profiles/q1f4ep15.default 5089 gecko-crash-server-pipe.5089 org.mozilla.machname.1469254428 tab
 | |--- 06045 subhrendu /Applications/Firefox.app/Contents/MacOS/plugin-container.app/Contents/MacOS/plugin-container -childID 114 -isForBrowser -prefsLen 23604 -prefMapSize 275649 -jsInitLen 277128 -sbStartup -sbAppPath /Applications/Firefox.app -sbLevel 3 -sbAllowAudio -parentBuildID 20220526203855 -appDir /Applications/Firefox.app/Contents/Resources/browser -profile /Users/subhrendu/Library/Application Support/Firefox/Profiles/q1f4ep15.default 5089 gecko-crash-server-pipe.5089 org.mozilla.machname.351734718 tab
 | |--- 06165 subhrendu /Applications/Firefox.app/Contents/MacOS/plugin-container.app/Contents/MacOS/plugin-container -childID 116 -isForBrowser -prefsLen 23803 -prefMapSize 275649 -jsInitLen 277128 -sbStartup -sbAppPath /Applications/Firefox.app -sbLevel 3 -sbAllowAudio -parentBuildID 20220526203855 -appDir /Applications/Firefox.app/Contents/Resources/browser -profile /Users/subhrendu/Library/Application Support/Firefox/Profiles/q1f4ep15.default 5089 gecko-crash-server-pipe.5089 org.mozilla.machname.413310835 tab
 | |--- 06206 subhrendu /Applications/Firefox.app/Contents/MacOS/plugin-container.app/Contents/MacOS/plugin-container -childID 117 -isForBrowser -prefsLen 23803 -prefMapSize 275649 -jsInitLen 277128 -sbStartup -sbAppPath /Applications/Firefox.app -sbLevel 3 -sbAllowAudio -parentBuildID 20220526203855 -appDir /Applications/Firefox.app/Contents/Resources/browser -profile /Users/subhrendu/Library/Application Support/Firefox/Profiles/q1f4ep15.default 5089 gecko-crash-server-pipe.5089 org.mozilla.machname.1833532121 tab
 | |--- 06325 subhrendu /Applications/Firefox.app/Contents/MacOS/plugin-container.app/Contents/MacOS/plugin-container -childID 118 -isForBrowser -prefsLen 23804 -prefMapSize 275649 -jsInitLen 277128 -sbStartup -sbAppPath /Applications/Firefox.app -sbLevel 3 -sbAllowAudio -parentBuildID 20220526203855 -appDir /Applications/Firefox.app/Contents/Resources/browser -profile /Users/subhrendu/Library/Application Support/Firefox/Profiles/q1f4ep15.default 5089 gecko-crash-server-pipe.5089 org.mozilla.machname.1244772798 tab
 | \--- 06360 subhrendu /Applications/Firefox.app/Contents/MacOS/plugin-container.app/Contents/MacOS/plugin-container -childID 119 -isForBrowser -prefsLen 23803 -prefMapSize 275649 -jsInitLen 277128 -sbStartup -sbAppPath /Applications/Firefox.app -sbLevel 3 -sbAllowAudio -parentBuildID 20220526203855 -appDir /Applications/Firefox.app/Contents/Resources/browser -profile /Users/subhrendu/Library/Application Support/Firefox/Profiles/q1f4ep15.default 5089 gecko-crash-server-pipe.5089 org.mozilla.machname.1707768485 tab
 |--= 05115 subhrendu /Library/Application Support/Microsoft/MAU2.0/Microsoft AutoUpdate.app/Contents/MacOS/Microsoft AutoUpdate
 |--= 05192 subhrendu /System/Applications/TextEdit.app/Contents/MacOS/TextEdit
 |--= 05193 subhrendu /System/Library/Frameworks/AppKit.framework/Versions/C/XPCServices/com.apple.appkit.xpc.openAndSavePanelService.xpc/Contents/MacOS/com.apple.appkit.xpc.openAndSavePanelService
 |--= 05194 subhrendu /System/Library/Frameworks/Quartz.framework/Versions/A/Frameworks/QuickLookUI.framework/Versions/A/XPCServices/QuickLookUIService.xpc/Contents/MacOS/QuickLookUIService
 |--= 05195 subhrendu /System/Library/PrivateFrameworks/Categories.framework/Versions/A/XPCServices/CategoriesService.xpc/Contents/MacOS/CategoriesService
 |--= 05351 subhrendu /System/Library/Frameworks/VideoToolbox.framework/Versions/A/XPCServices/VTDecoderXPCService.xpc/Contents/MacOS/VTDecoderXPCService
 |--= 05511 _atsserver /System/Library/Frameworks/ApplicationServices.framework/Frameworks/ATS.framework/Support/fontd
 |--= 06008 subhrendu /System/Applications/Utilities/Console.app/Contents/MacOS/Console
 |--= 06010 subhrendu /System/Library/Frameworks/Metal.framework/Versions/A/XPCServices/MTLCompilerService.xpc/Contents/MacOS/MTLCompilerService
 |--= 06011 subhrendu /System/Library/Frameworks/Metal.framework/Versions/A/XPCServices/MTLCompilerService.xpc/Contents/MacOS/MTLCompilerService
 |--= 06267 subhrendu /System/Library/PrivateFrameworks/CoreParsec.framework/parsec-fbf
 |--= 06361 root /Library/PrivilegedHelperTools/com.adobe.ARMDC.Communicator
 |--= 06362 root /Library/PrivilegedHelperTools/com.adobe.ARMDC.SMJobBlessHelper
 |--= 06434 subhrendu /System/Library/Frameworks/AppKit.framework/Versions/C/XPCServices/com.apple.appkit.xpc.openAndSavePanelService.xpc/Contents/MacOS/com.apple.appkit.xpc.openAndSavePanelService
 |--= 06435 subhrendu /System/Library/Frameworks/Quartz.framework/Versions/A/Frameworks/QuickLookUI.framework/Versions/A/XPCServices/QuickLookUIService.xpc/Contents/MacOS/QuickLookUIService
 |--= 06436 subhrendu /System/Library/PrivateFrameworks/Categories.framework/Versions/A/XPCServices/CategoriesService.xpc/Contents/MacOS/CategoriesService
 |--= 06445 subhrendu /System/Library/Frameworks/CoreServices.framework/Frameworks/Metadata.framework/Versions/A/Support/mdworker_shared -s mdworker -c MDSImporterWorker -m com.apple.mdworker.shared
 |--= 41111 root /usr/libexec/xpcroleaccountd -launchd
 |--= 45932 root /System/Library/CoreServices/sharedfilelistd
 |--= 65009 subhrendu /System/Library/Frameworks/ApplicationServices.framework/Frameworks/SpeechSynthesis.framework/Resources/com.apple.speech.speechsynthesisd
 |--= 82850 _softwareupdate /System/Library/PrivateFrameworks/MobileSoftwareUpdate.framework/Support/softwareupdated
 |--= 83168 root /System/Library/PrivateFrameworks/MobileSoftwareUpdate.framework/Versions/A/XPCServices/com.apple.MobileSoftwareUpdate.CleanupPreparePathService.xpc/Contents/MacOS/com.apple.MobileSoftwareUpdate.CleanupPreparePathService
 |--= 83250 root /usr/libexec/dprivacyd
 |--= 83311 root /usr/libexec/usbd
 |--= 83312 root /System/Library/CryptoTokenKit/com.apple.ifdreader.slotd/Contents/MacOS/com.apple.ifdreader
 |--= 83314 root /System/Library/PrivateFrameworks/DifferentialPrivacy.framework/XPCServices/DPSubmissionService.xpc/Contents/MacOS/DPSubmissionService
 |--= 83318 root /usr/bin/sysdiagnose
 |--= 83324 root /usr/libexec/PowerUIAgent
 |--= 83332 root /usr/libexec/microstackshot
 |--= 83498 _nsurlsessiond /System/Library/PrivateFrameworks/StreamingZip.framework/Versions/A/XPCServices/com.apple.StreamingUnzipService.xpc/Contents/MacOS/com.apple.StreamingUnzipService
 |--= 83685 root /System/Library/PrivateFrameworks/Noticeboard.framework/Versions/A/Resources/nbstated
 |--= 83686 root /usr/libexec/periodic-wrapper daily
 |--= 83739 root /usr/libexec/periodic-wrapper weekly
 |--= 83820 subhrendu /System/Library/PrivateFrameworks/BookKit.framework/Versions/A/XPCServices/com.apple.BKAgentService.xpc/Contents/MacOS/com.apple.BKAgentService
 |--= 83827 subhrendu /System/Library/PrivateFrameworks/CloudPhotoServices.framework/Versions/A/XPCServices/com.apple.CloudPhotosConfiguration.xpc/Contents/MacOS/com.apple.CloudPhotosConfiguration
 |--= 84232 root /usr/libexec/misagent
 |--= 85772 root /System/Library/PrivateFrameworks/PackageKit.framework/Versions/A/XPCServices/package_script_service.xpc/Contents/MacOS/package_script_service
 |--= 86907 root /usr/sbin/aslmanager -s /var/log/eventmonitor
 |--= 87335 _datadetectors /usr/libexec/DataDetectorsSourceAccess
 |--= 87480 root /System/Library/Frameworks/CoreMediaIO.framework/Versions/A/XPCServices/com.apple.cmio.registerassistantservice.xpc/Contents/MacOS/com.apple.cmio.registerassistantservice
 |--= 88609 _hidd /usr/libexec/hidd
 |--= 89107 subhrendu /System/Library/CoreServices/loginwindow.app/Contents/MacOS/loginwindow console
 |--= 89118 _locationd /usr/sbin/cfprefsd agent
 |--= 89121 subhrendu /usr/libexec/secd
 |--= 89139 _ctkd /System/Library/Frameworks/CryptoTokenKit.framework/ctkd -s
 |--= 89157 _usbmuxd /System/Library/PrivateFrameworks/MobileDevice.framework/Versions/A/Resources/usbmuxd -launchd
 |--= 89169 root /private/var/db/com.apple.xpc.roleaccountd.staging/com.apple.MobileSoftwareUpdate.UpdateBrainService.16777220.4333133049.xpc/Contents/MacOS/com.apple.MobileSoftwareUpdate.UpdateBrainService
 |--= 89207 root /System/Library/PrivateFrameworks/AmbientDisplay.framework/Versions/A/XPCServices/com.apple.AmbientDisplayAgent.xpc/Contents/MacOS/com.apple.AmbientDisplayAgent
 |--= 89208 root /usr/libexec/colorsyncd
 |--= 89209 root /usr/libexec/colorsync.displayservices
 |--= 89210 subhrendu /usr/libexec/UserEventAgent (Aqua)
 |--= 89211 subhrendu /usr/libexec/knowledge-agent
 |--= 89214 subhrendu /System/Library/PrivateFrameworks/CloudServices.framework/Helpers/com.apple.sbd
 |--= 89216 subhrendu /usr/sbin/usernoted
 |-+= 89217 subhrendu /System/Applications/Utilities/Terminal.app/Contents/MacOS/Terminal
 | |-+= 89726 root login -pfq subhrendu /usr/local/bin/bash
 | | \-+= 89727 subhrendu -bash
 | |   \-+= 06425 root sudo docker run -it --name test --pid=host ubuntu:modified /bin/bash
 | |     \-+- 06426 root docker run -it --name test --pid=host ubuntu:modified /bin/bash
 | |       \--- 06429 root /usr/local/bin/com.docker.cli run -it --name test --pid=host ubuntu:modified /bin/bash
 | \-+= 91713 root login -pfql subhrendu /bin/bash -c exec -la bash /usr/local/bin/bash
 |   \-+= 91714 subhrendu -bash
 |     \-+= 06446 subhrendu pstree
 |       \--- 06447 root ps -axwwo user,pid,ppid,pgid,command
 |--= 89218 subhrendu /System/Library/CoreServices/backgroundtaskmanagementagent
 |--= 89219 subhrendu /System/Library/Frameworks/Accounts.framework/Versions/A/Support/accountsd
 |--= 89220 subhrendu /System/Library/CoreServices/sharedfilelistd
 |--= 89221 subhrendu /System/Library/CoreServices/APFSUserAgent
 |--= 89222 subhrendu /usr/libexec/networkserviceproxy
 |--= 89223 subhrendu /usr/libexec/nsurlsessiond
 |--= 89224 subhrendu /usr/libexec/rapportd
 |--= 89225 subhrendu /usr/libexec/routined LAUNCHED_BY_LAUNCHD
 |--= 89226 subhrendu /System/Library/Frameworks/CoreTelephony.framework/Support/CommCenter -L
 |--= 89227 subhrendu /System/Library/PrivateFrameworks/CalendarAgent.framework/Executables/CalendarAgent
 |--= 89228 subhrendu /System/Library/CoreServices/lockoutagent
 |--= 89229 subhrendu /System/Library/PrivateFrameworks/IDS.framework/identityservicesd.app/Contents/MacOS/identityservicesd
 |-+= 89230 subhrendu /Applications/Sublime Text.app/Contents/MacOS/sublime_text
 | |--- 91535 subhrendu /Applications/Sublime Text.app/Contents/MacOS/plugin_host-3.3 89230 /Applications/Sublime Text.app/Contents/MacOS/sublime_text /Users/subhrendu/Library/Application Support/Sublime Text 3 /Users/subhrendu/Library/Caches/Sublime Text 3 /Applications/Sublime Text.app/Contents/MacOS/Packages
 | \--- 91536 subhrendu /Applications/Sublime Text.app/Contents/MacOS/plugin_host-3.8 89230 /Applications/Sublime Text.app/Contents/MacOS/sublime_text /Users/subhrendu/Library/Application Support/Sublime Text 3 /Users/subhrendu/Library/Caches/Sublime Text 3 /Applications/Sublime Text.app/Contents/MacOS/Packages
 |--= 89231 subhrendu /System/Library/PrivateFrameworks/AssistantServices.framework/Versions/A/Support/assistantd
 |--= 89232 subhrendu /System/Library/PrivateFrameworks/CloudDocsDaemon.framework/Versions/A/Support/bird
 |--= 89233 subhrendu /usr/libexec/swcd
 |--= 89234 subhrendu /usr/libexec/dmd
 |--= 89235 subhrendu /System/Library/PrivateFrameworks/iTunesCloud.framework/Support/itunescloudd
 |--= 89236 subhrendu /System/Library/PrivateFrameworks/TCC.framework/Resources/tccd
 |--= 89238 subhrendu /System/Library/PrivateFrameworks/ScreenTimeCore.framework/Versions/A/ScreenTimeAgent
 |--= 89240 subhrendu /System/Library/CoreServices/NotificationCenter.app/Contents/MacOS/NotificationCenter
 |--= 89241 subhrendu /System/Library/PrivateFrameworks/CoreDuetContext.framework/Resources/ContextStoreAgent
 |--= 89242 subhrendu /System/Library/PrivateFrameworks/CalendarNotification.framework/Versions/A/XPCServices/CalNCService.xpc/Contents/MacOS/CalNCService
 |--= 89243 subhrendu /System/Library/CoreServices/talagent
 |--= 89244 subhrendu /System/Library/CoreServices/Dock.app/Contents/MacOS/Dock
 |--= 89245 subhrendu /System/Library/CoreServices/ControlCenter.app/Contents/MacOS/ControlCenter
 |--= 89246 subhrendu /System/Library/CoreServices/SystemUIServer.app/Contents/MacOS/SystemUIServer
 |--= 89247 subhrendu /System/Library/CoreServices/Finder.app/Contents/MacOS/Finder
 |--= 89250 subhrendu /System/Library/PrivateFrameworks/PhotoLibraryServices.framework/Versions/A/Support/photolibraryd
 |--= 89251 subhrendu /System/Library/Frameworks/AddressBook.framework/Executables/ContactsAccountsService
 |--= 89252 subhrendu /usr/libexec/pboard
 |--= 89253 subhrendu /System/Library/PrivateFrameworks/AppSSO.framework/Support/AppSSOAgent.app/Contents/MacOS/AppSSOAgent
 |--= 89254 subhrendu /System/Library/PrivateFrameworks/ViewBridge.framework/Versions/A/XPCServices/ViewBridgeAuxiliary.xpc/Contents/MacOS/ViewBridgeAuxiliary
 |--= 89255 subhrendu /System/Library/Frameworks/Quartz.framework/Versions/A/Frameworks/QuickLookUI.framework/Versions/A/XPCServices/QuickLookUIService.xpc/Contents/MacOS/QuickLookUIService
 |--= 89256 subhrendu /System/Library/Frameworks/VideoToolbox.framework/Versions/A/XPCServices/VTDecoderXPCService.xpc/Contents/MacOS/VTDecoderXPCService
 |--= 89257 subhrendu /System/Library/PrivateFrameworks/AuthKit.framework/Versions/A/Support/akd
 |--= 89259 subhrendu /System/Library/CoreServices/iconservicesagent
 |--= 89262 subhrendu /System/Library/Frameworks/ApplicationServices.framework/Frameworks/ATS.framework/Support/fontd
 |--= 89263 subhrendu /System/Library/PrivateFrameworks/AMPDevices.framework/Versions/A/Support/AMPDeviceDiscoveryAgent --launchd
 |--= 89264 subhrendu /System/Library/PrivateFrameworks/AssistantServices.framework/Versions/A/XPCServices/com.apple.siri.embeddedspeech.xpc/Contents/MacOS/com.apple.siri.embeddedspeech
 |--= 89265 subhrendu /System/Library/Frameworks/ApplicationServices.framework/Versions/A/Frameworks/ATS.framework/Versions/A/Support/fontworker
 |--= 89266 subhrendu /System/Library/PrivateFrameworks/FileProvider.framework/Support/fileproviderd
 |--= 89268 subhrendu /System/Library/PrivateFrameworks/CoreSuggestions.framework/Versions/A/Support/suggestd
 |--= 89271 subhrendu /System/Library/CoreServices/WiFiAgent.app/Contents/MacOS/WiFiAgent
 |--= 89275 subhrendu /System/Library/CoreServices/Spotlight.app/Contents/MacOS/Spotlight
 |--= 89276 subhrendu /System/Library/CoreServices/ClimateProxy.app/Contents/PlugIns/WeatherWidget.appex/Contents/MacOS/WeatherWidget
 |--= 89277 subhrendu /System/Library/PrivateFrameworks/UserActivity.framework/Agents/useractivityd
 |--= 89278 subhrendu /System/Library/CoreServices/Dock.app/Contents/XPCServices/com.apple.dock.extra.xpc/Contents/MacOS/com.apple.dock.extra
 |--= 89280 subhrendu /System/Library/PrivateFrameworks/CoreParsec.framework/parsecd
 |--= 89281 subhrendu /System/Library/PrivateFrameworks/TelephonyUtilities.framework/callservicesd
 |--= 89282 subhrendu /System/Library/Frameworks/InputMethodKit.framework/Resources/imklaunchagent
 |--= 89283 subhrendu /System/Library/PrivateFrameworks/CallHistory.framework/Support/CallHistoryPluginHelper
 |--= 89284 subhrendu /usr/libexec/WiFiVelocityAgent
 |--= 89285 subhrendu /System/Library/CoreServices/pbs
 |--= 89286 subhrendu /System/Library/Input Methods/PressAndHold.app/Contents/PlugIns/PAH_Extension.appex/Contents/MacOS/PAH_Extension
 |--= 89288 subhrendu /usr/libexec/sharingd
 |--= 89289 subhrendu /System/Library/PrivateFrameworks/IMFoundation.framework/XPCServices/IMRemoteURLConnectionAgent.xpc/Contents/MacOS/IMRemoteURLConnectionAgent
 |--= 89291 subhrendu /System/Library/PrivateFrameworks/FamilyCircle.framework/Versions/A/Resources/familycircled
 |--= 89292 subhrendu /System/Library/PrivateFrameworks/IMCore.framework/imagent.app/Contents/MacOS/imagent
 |--= 89293 subhrendu /System/Library/PrivateFrameworks/CloudKitDaemon.framework/Support/cloudd
 |--= 89294 subhrendu /usr/libexec/triald
 |--= 89295 subhrendu /System/Library/PrivateFrameworks/IMFoundation.framework/XPCServices/IMRemoteURLConnectionAgent.xpc/Contents/MacOS/IMRemoteURLConnectionAgent
 |--= 89297 subhrendu /System/Library/PrivateFrameworks/CacheDelete.framework/deleted
 |--= 89298 subhrendu /System/Library/PrivateFrameworks/MediaRemote.framework/Support/mediaremoteagent
 |--= 89299 subhrendu /System/Library/PrivateFrameworks/IMFoundation.framework/XPCServices/IMRemoteURLConnectionAgent.xpc/Contents/MacOS/IMRemoteURLConnectionAgent
 |--= 89301 subhrendu /usr/libexec/fmfd
 |--= 89302 subhrendu /System/Library/PrivateFrameworks/CoreFollowUp.framework/Versions/A/Support/followupd
 |--= 89304 subhrendu /System/Library/PrivateFrameworks/IMFoundation.framework/XPCServices/IMRemoteURLConnectionAgent.xpc/Contents/MacOS/IMRemoteURLConnectionAgent
 |--= 89305 subhrendu /System/Library/CoreServices/UIKitSystem.app/Contents/MacOS/UIKitSystem system_app_start
 |--= 89306 subhrendu /System/Library/PrivateFrameworks/HomeKitDaemon.framework/Support/homed
 |--= 89307 subhrendu /System/Library/Frameworks/CoreServices.framework/Frameworks/Metadata.framework/Versions/A/Support/corespotlightd
 |--= 89308 subhrendu /System/Library/CoreServices/mapspushd
 |--= 89309 subhrendu /System/Library/PrivateFrameworks/Categories.framework/Versions/A/XPCServices/CategoriesService.xpc/Contents/MacOS/CategoriesService
 |--= 89310 subhrendu /System/Library/CoreServices/CoreLocationAgent.app/Contents/MacOS/CoreLocationAgent
 |--= 89311 subhrendu /usr/libexec/neagent
 |--= 89312 subhrendu /System/Library/Frameworks/NetFS.framework/Versions/A/XPCServices/PlugInLibraryService.xpc/Contents/MacOS/PlugInLibraryService
 |--= 89313 subhrendu /System/Library/PrivateFrameworks/Categories.framework/Versions/A/XPCServices/CategoriesService.xpc/Contents/MacOS/CategoriesService
 |--= 89314 subhrendu /System/Library/PrivateFrameworks/Categories.framework/Versions/A/XPCServices/CategoriesService.xpc/Contents/MacOS/CategoriesService
 |--= 89315 subhrendu /System/Library/PrivateFrameworks/Categories.framework/Versions/A/XPCServices/CategoriesService.xpc/Contents/MacOS/CategoriesService
 |--= 89316 subhrendu /Library/Apple/System/Library/CoreServices/SafariSupport.bundle/Contents/MacOS/SafariBookmarksSyncAgent
 |--= 89317 subhrendu /System/Library/PrivateFrameworks/DeviceCheckInternal.framework/devicecheckd
 |--= 89321 subhrendu /System/Library/PrivateFrameworks/CoreSpeech.framework/corespeechd
 |--= 89325 subhrendu /System/Library/Image Capture/Support/icdd
 |--= 89327 subhrendu /System/Library/PrivateFrameworks/AskPermission.framework/Versions/A/Resources/askpermissiond
 |--= 89328 subhrendu /System/Library/CoreServices/AirPlayUIAgent.app/Contents/MacOS/AirPlayUIAgent --launchd
 |--= 89329 subhrendu /System/Library/CoreServices/cloudpaird
 |--= 89331 subhrendu /System/Library/CoreServices/diagnostics_agent
 |--= 89333 subhrendu /System/Library/CoreServices/TextInputMenuAgent.app/Contents/MacOS/TextInputMenuAgent
 |--= 89335 subhrendu /Library/Printers/Canon/CUPSCAPT2/BackGrounder/Canon CAPT BackGrounder.app/Contents/MacOS/Canon CAPT BackGrounder
 |--= 89336 subhrendu /System/Library/PrivateFrameworks/AppleMediaServices.framework/Resources/amsaccountsd
 |--= 89338 subhrendu /System/Library/Frameworks/CryptoTokenKit.framework/ctkahp.bundle/Contents/MacOS/ctkahp
 |--= 89339 subhrendu /Users/subhrendu/Library/Application Support/Google/Android File Transfer/Android File Transfer Agent.app/Contents/MacOS/Android File Transfer Agent
 |--= 89340 subhrendu /System/Library/CoreServices/TextInputSwitcher.app/Contents/MacOS/TextInputSwitcher
 |--= 89342 subhrendu SafeEjectGPUAgent
 |--= 89343 subhrendu /System/Library/CoreServices/Menu Extras/SafeEjectGPUExtra.menu/Contents/XPCServices/SafeEjectGPUService.xpc/Contents/MacOS/SafeEjectGPUService
 |-+= 89345 subhrendu /Applications/Docker.app/Contents/MacOS/Docker --autostart
 | |-+= 89346 subhrendu /Applications/Docker.app/Contents/MacOS/com.docker.backend -watchdog -native-api
 | | |-+- 89398 subhrendu com.docker.vpnkit --ethernet fd:3 --diagnostics fd:4 --pcap fd:5 --vsock-path vms/0/connect --host-names host.docker.internal,docker.for.mac.host.internal,docker.for.mac.localhost --listen-backlog 32 --mtu 1500 --allowed-bind-addresses 0.0.0.0 --http /Users/subhrendu/Library/Group Containers/group.com.docker/http_proxy.json --dhcp /Users/subhrendu/Library/Group Containers/group.com.docker/dhcp.json --port-max-idle-time 300 --max-connections 2000 --gateway-ip 192.168.65.1 --host-ip 192.168.65.2 --lowest-ip 192.168.65.3 --highest-ip 192.168.65.254 --gc-compact-interval 1800
 | | | \--- 89402 subhrendu (uname)
 | | |--- 89399 subhrendu docker serve --address unix:///Users/subhrendu/.docker/run/docker-cli-api.sock
 | | |--- 89400 subhrendu vpnkit-bridge --disable wsl2-cross-distro-service,wsl2-bootstrap-expose-ports,transfused --addr listen://1999 host
 | | \-+- 89401 subhrendu com.docker.driver.amd64-linux -addr fd:3 -debug -native-api
 | |   \--- 89412 subhrendu com.docker.hyperkit -A -u -F vms/0/hyperkit.pid -c 2 -m 2048M -s 0:0,hostbridge -s 31,lpc -s 1:0,virtio-vpnkit,path=vpnkit.eth.sock,uuid=4481dbae-1379-4dd1-b407-976db7f7d79d -U e454a3b5-7377-4bd9-8ee0-9b6004613540 -s 2:0,virtio-blk,/Users/subhrendu/Library/Containers/com.docker.docker/Data/vms/0/data/Docker.raw -s 3,virtio-sock,guest_cid=3,path=vms/0,guest_forwards=2376;1525 -s 4,virtio-rnd -l com1,null,asl,log=vms/0/console-ring -f kexec,/Applications/Docker.app/Contents/Resources/linuxkit/kernel,/Applications/Docker.app/Contents/Resources/linuxkit/initrd.img,earlyprintk=serial linuxkit.unified_cgroup_hierarchy=1 page_poison=1 vsyscall=emulate panic=1 nospec_store_bypass_disable noibrs noibpb no_stf_barrier mitigations=off console=ttyS0 console=ttyS1  vpnkit.connect=connect://2/1999
 | \--= 89347 subhrendu /Applications/Docker.app/Contents/MacOS/com.docker.dev-envs -watchdog
 |--= 89348 subhrendu /usr/libexec/replayd
 |--= 89350 subhrendu /System/Library/PrivateFrameworks/AppStoreDaemon.framework/Support/appstoreagent
 |--= 89351 subhrendu /System/Library/Frameworks/QuickLookThumbnailing.framework/Support/com.apple.quicklook.ThumbnailsAgent
 |--= 89352 subhrendu /System/Library/PrivateFrameworks/CommerceKit.framework/Versions/A/Resources/storedownloadd
 |--= 89353 subhrendu /System/Library/PrivateFrameworks/SoftwareUpdate.framework/Resources/SoftwareUpdateNotificationManager.app/Contents/MacOS/SoftwareUpdateNotificationManager
 |--= 89360 subhrendu /usr/libexec/findmydevice-user-agent
 |--= 89367 subhrendu /System/Library/PrivateFrameworks/CoreCDP.framework/Versions/A/Resources/cdpd
 |--= 89368 subhrendu /System/Library/Frameworks/Security.framework/Versions/A/Resources/CloudKeychainProxy.bundle/Contents/MacOS/CloudKeychainProxy
 |--= 89371 subhrendu /System/Library/PrivateFrameworks/CommerceKit.framework/Versions/A/Resources/commerce
 |--= 89374 subhrendu /System/Library/PrivateFrameworks/CommunicationsFilter.framework/CMFSyncAgent
 |--= 89375 subhrendu /Applications/Safari.app/Contents/PlugIns/CacheDeleteExtension.appex/Contents/MacOS/CacheDeleteExtension
 |--= 89376 subhrendu /usr/libexec/loginitemregisterd
 |--= 89377 subhrendu /System/Applications/Music.app/Contents/PlugIns/MusicCacheExtension.appex/Contents/MacOS/MusicCacheExtension
 |--= 89380 subhrendu /System/Applications/TV.app/Contents/PlugIns/TVCacheExtension.appex/Contents/MacOS/TVCacheExtension
 |--= 89381 subhrendu /System/Applications/Mail.app/Contents/PlugIns/MailCacheDelete.appex/Contents/MacOS/MailCacheDelete
 |--= 89411 subhrendu /System/Library/PrivateFrameworks/AMPLibrary.framework/Versions/A/Support/AMPLibraryAgent --launchd
 |--= 89419 subhrendu /System/Library/Frameworks/AudioToolbox.framework/AudioComponentRegistrar
 |--= 89420 subhrendu /System/Library/Frameworks/AudioToolbox.framework/XPCServices/CarbonComponentScannerXPC.xpc/Contents/MacOS/CarbonComponentScannerXPC
 |--= 89422 subhrendu /System/Library/CoreServices/UserNotificationCenter.app/Contents/MacOS/UserNotificationCenter
 |--= 89429 subhrendu /System/Library/PrivateFrameworks/iCloudNotification.framework/iCloudNotificationAgent
 |--= 89430 subhrendu /System/Library/PrivateFrameworks/PassKitCore.framework/passd
 |--= 89448 subhrendu /usr/bin/ssh-agent -l
 |--= 89458 root /System/Library/PrivateFrameworks/AuthKit.framework/Versions/A/Support/akd
 |--= 89459 subhrendu /usr/libexec/diagnosticextensionsd
 |--= 89460 subhrendu /System/Library/Services/AppleSpell.service/Contents/MacOS/AppleSpell
 |--= 89461 subhrendu /usr/libexec/keyboardservicesd
 |--= 89462 _applepay /usr/libexec/nfcd
 |--= 89463 subhrendu /System/Library/PrivateFrameworks/IMFoundation.framework/XPCServices/IMRemoteURLConnectionAgent.xpc/Contents/MacOS/IMRemoteURLConnectionAgent
 |--= 89464 _installcoordinationd /System/Library/PrivateFrameworks/InstallCoordination.framework/Support/installcoordinationd
 |--= 89465 root /System/Library/PrivateFrameworks/AppStoreDaemon.framework/Versions/A/XPCServices/com.apple.AppStoreDaemon.StorePrivilegedTaskService.xpc/Contents/MacOS/com.apple.AppStoreDaemon.StorePrivilegedTaskService
 |--= 89466 subhrendu /System/Library/PrivateFrameworks/AMPLibrary.framework/Versions/A/Support/AMPArtworkAgent --launchd
 |--= 89468 subhrendu /System/Library/CoreServices/ReportCrash agent
 |--= 89469 subhrendu /usr/libexec/adprivacyd
 |--= 89500 subhrendu /System/Library/PrivateFrameworks/AppleMediaServicesUI.framework/amsengagementd
 |--= 89502 subhrendu /System/Applications/Calendar.app/Contents/PlugIns/CalendarWidgetExtension.appex/Contents/MacOS/CalendarWidgetExtension
 |--= 89503 subhrendu /System/Library/CoreServices/Clock.app/Contents/PlugIns/WorldClockWidget.appex/Contents/MacOS/WorldClockWidget
 |--= 89504 subhrendu /System/Library/Frameworks/ClassKit.framework/Versions/A/progressd
 |--= 89518 subhrendu /usr/libexec/USBAgent
 |--= 89598 subhrendu /System/Library/CoreServices/EscrowSecurityAlert.app/Contents/MacOS/EscrowSecurityAlert
 |--= 89618 subhrendu /usr/libexec/transparencyd
 |--= 89680 _driverkit /System/Library/DriverExtensions/com.apple.AppleUserHIDDrivers.dext/com.apple.AppleUserHIDDrivers com.apple.driverkit.AppleUserUSBHostHIDDeviceKB 0x10001bf84
 |--= 89681 _driverkit /System/Library/DriverExtensions/com.apple.AppleUserHIDDrivers.dext/com.apple.AppleUserHIDDrivers com.apple.driverkit.AppleUserUSBHostHIDDevice1 0x10001bf8f
 |--= 89683 _driverkit /System/Library/DriverExtensions/com.apple.AppleUserHIDDrivers.dext/com.apple.AppleUserHIDDrivers com.apple.driverkit.AppleUserHIDEventDriver 0x10001bfcd
 |--= 89684 _driverkit /System/Library/DriverExtensions/com.apple.AppleUserHIDDrivers.dext/com.apple.AppleUserHIDDrivers com.apple.driverkit.AppleUserHIDEventDriver 0x10001bfd3
 |--= 89908 subhrendu /System/Library/Frameworks/QuickLook.framework/Versions/A/XPCServices/QuickLookSatellite.xpc/Contents/MacOS/QuickLookSatellite
 |--= 89909 subhrendu /System/Library/Frameworks/VideoToolbox.framework/Versions/A/XPCServices/VTDecoderXPCService.xpc/Contents/MacOS/VTDecoderXPCService
 |--= 89910 subhrendu /System/Library/Frameworks/QuickLook.framework/Versions/A/XPCServices/ExternalQuickLookSatellite-x86_64.xpc/Contents/MacOS/ExternalQuickLookSatellite-x86_64
 |--= 89911 subhrendu /System/Library/Frameworks/QuickLook.framework/Versions/A/XPCServices/ExternalQuickLookSatellite-x86_64.xpc/Contents/MacOS/ExternalQuickLookSatellite-x86_64
 |--= 89915 subhrendu /System/Library/Frameworks/CoreServices.framework/Frameworks/Metadata.framework/Versions/A/Support/mdwrite
 |--= 89941 root /System/Library/Frameworks/NetFS.framework/Versions/A/XPCServices/PlugInLibraryService.xpc/Contents/MacOS/PlugInLibraryService
 |--= 89945 root /System/Library/Frameworks/NetFS.framework/Versions/A/XPCServices/PlugInLibraryService.xpc/Contents/MacOS/PlugInLibraryService
 |--= 89949 subhrendu /System/Library/PrivateFrameworks/KerberosHelper/Helpers/DiskUnmountWatcher
 |--= 90015 subhrendu /System/Library/PrivateFrameworks/AssetCacheServices.framework/Versions/A/XPCServices/AssetCacheLocatorService.xpc/Contents/MacOS/AssetCacheLocatorService -a
 |--= 90081 subhrendu /System/Library/CoreServices/ScopedBookmarkAgent
 |--= 90082 subhrendu /System/Library/PrivateFrameworks/UsageTracking.framework/Versions/A/UsageTrackingAgent
 |--= 90083 subhrendu /System/Library/PrivateFrameworks/Categories.framework/Versions/A/XPCServices/CategoriesService.xpc/Contents/MacOS/CategoriesService
 |--= 90090 subhrendu /System/Library/PrivateFrameworks/Noticeboard.framework/Versions/A/Resources/nbagent.app/Contents/MacOS/nbagent
 |--= 90092 subhrendu /System/Library/PrivateFrameworks/IntlPreferences.framework/Support/localizationswitcherd
 |--= 90115 subhrendu /System/Library/PrivateFrameworks/AssistantServices.framework/Versions/A/XPCServices/media-indexer.xpc/Contents/MacOS/media-indexer
 |--= 90129 subhrendu /System/iOSSupport/System/Library/PrivateFrameworks/AvatarUI.framework/Support/avatarsd
 |--= 90435 subhrendu /System/Library/CoreServices/Dock.app/Contents/XPCServices/DockHelper.xpc/Contents/MacOS/DockHelper
 |--= 90484 subhrendu /System/Library/PrivateFrameworks/IMDPersistence.framework/IMAutomaticHistoryDeletionAgent.app/Contents/MacOS/IMAutomaticHistoryDeletionAgent
 |--= 90487 subhrendu cloudphotod
 |--= 90528 subhrendu /Users/subhrendu/Library/Application Support/WebEx Folder/Add-ons/Cisco WebEx Start.app/Contents/MacOS/Cisco WebEx Start -LaunchedBy /Users/subhrendu/Library/Application Support/WebEx Folder/Add-ons/Cisco WebEx Start.app -daemon 1
 |--= 90575 subhrendu /usr/libexec/warmd_agent
 |--= 90576 root /usr/libexec/warmd
 |--= 90877 subhrendu /usr/libexec/spindump_agent
 |--= 91487 subhrendu /System/Library/PrivateFrameworks/PSNormalizer.framework/Versions/A/XPCServices/normalizerd.xpc/Contents/MacOS/normalizerd
 |--= 91510 subhrendu /System/Library/Frameworks/AppKit.framework/Versions/C/XPCServices/com.apple.appkit.xpc.openAndSavePanelService.xpc/Contents/MacOS/com.apple.appkit.xpc.openAndSavePanelService
 |--= 91511 subhrendu /System/Library/Frameworks/Quartz.framework/Versions/A/Frameworks/QuickLookUI.framework/Versions/A/XPCServices/QuickLookUIService.xpc/Contents/MacOS/QuickLookUIService
 |--= 91512 subhrendu /System/Library/PrivateFrameworks/Categories.framework/Versions/A/XPCServices/CategoriesService.xpc/Contents/MacOS/CategoriesService
 |--= 94690 root /usr/libexec/morphunassetsupdaterd
 |--= 94967 subhrendu /Library/Apple/System/Library/CoreServices/SafariSupport.bundle/Contents/MacOS/SafariLaunchAgent
 |--= 95055 subhrendu /System/Library/CoreServices/OSDUIHelper.app/Contents/MacOS/OSDUIHelper
 |--= 95220 subhrendu /usr/libexec/studentd
 |--= 96387 subhrendu /System/Library/PrivateFrameworks/CloudDocs.framework/PlugIns/com.apple.CloudDocs.MobileDocumentsFileProvider.appex/Contents/MacOS/com.apple.CloudDocs.MobileDocumentsFileProvider
 |--= 96820 root /usr/libexec/applessdstatistics
 |--= 97313 subhrendu /System/Library/Frameworks/ApplicationServices.framework/Frameworks/PrintCore.framework/Versions/A/printtool
 |--= 99330 subhrendu /System/Library/Frameworks/AppKit.framework/Versions/C/XPCServices/com.apple.appkit.xpc.openAndSavePanelService.xpc/Contents/MacOS/com.apple.appkit.xpc.openAndSavePanelService
 |--= 99331 subhrendu /System/Library/Frameworks/Quartz.framework/Versions/A/Frameworks/QuickLookUI.framework/Versions/A/XPCServices/QuickLookUIService.xpc/Contents/MacOS/QuickLookUIService
 |--= 99332 subhrendu /System/Library/PrivateFrameworks/Categories.framework/Versions/A/XPCServices/CategoriesService.xpc/Contents/MacOS/CategoriesService
 \--= 99828 subhrendu /System/Library/CoreServices/CoreServicesUIAgent.app/Contents/MacOS/CoreServicesUIAgent
